<?xml version="1.0" encoding="UTF-8"?>
<testng-results ignored="0" total="1" passed="1" failed="0" skipped="0">
  <reporter-output>
  </reporter-output>
  <suite started-at="2024-06-04T14:59:40 IST" name="Default suite" finished-at="2024-06-04T15:01:42 IST" duration-ms="122102">
    <groups>
    </groups>
    <test started-at="2024-06-04T14:59:40 IST" name="Default test" finished-at="2024-06-04T15:01:42 IST" duration-ms="122102">
      <class name="Scroll.flipkart">
        <test-method signature="gettext()[pri:0, instance:Scroll.flipkart@5b1669c0]" started-at="2024-06-04T14:59:40 IST" name="gettext" finished-at="2024-06-04T15:01:42 IST" duration-ms="122034" status="PASS">
          <reporter-output>
          </reporter-output>
        </test-method> <!-- gettext -->
      </class> <!-- Scroll.flipkart -->
    </test> <!-- Default test -->
  </suite> <!-- Default suite -->
</testng-results>
